app/build/intermediates/manifest_merge_blame_file/debug/manifest-merger-blame-debug-report.txt
1<?xml version="1.0" encoding="utf-8"?>
2<manifest xmlns:android="http://schemas.android.com/apk/res/android"
3    package="com.snapcart"
4    android:versionCode="1"
5    android:versionName="1.0" >
6
7    <uses-sdk
8        android:minSdkVersion="24"
9        android:targetSdkVersion="34" />
10
11    <uses-permission android:name="android.permission.POST_NOTIFICATIONS" />
11-->src\main\AndroidManifest.xml:4:5-77
11-->src\main\AndroidManifest.xml:4:22-74
12    <uses-permission android:name="android.permission.INTERNET" />
12-->[com.google.firebase:firebase-auth:22.1.2] AndroidManifest.xml:25:5-67
12-->[com.google.firebase:firebase-auth:22.1.2] AndroidManifest.xml:25:22-64
13    <uses-permission android:name="android.permission.ACCESS_NETWORK_STATE" />
13-->[com.google.firebase:firebase-auth:22.1.2] AndroidManifest.xml:26:5-79
13-->[com.google.firebase:firebase-auth:22.1.2] AndroidManifest.xml:26:22-76
14
15    <permission
15-->[androidx.core:core:1.13.0] AndroidManifest.xml:22:5-24:47
16        android:name="com.snapcart.DYNAMIC_RECEIVER_NOT_EXPORTED_PERMISSION"
16-->[androidx.core:core:1.13.0] AndroidManifest.xml:23:9-81
17        android:protectionLevel="signature" />
17-->[androidx.core:core:1.13.0] AndroidManifest.xml:24:9-44
18
19    <uses-permission android:name="com.snapcart.DYNAMIC_RECEIVER_NOT_EXPORTED_PERMISSION" />
19-->[androidx.core:core:1.13.0] AndroidManifest.xml:26:5-97
19-->[androidx.core:core:1.13.0] AndroidManifest.xml:26:22-94
20
21    <application
21-->src\main\AndroidManifest.xml:7:5-73:19
22        android:allowBackup="true"
22-->src\main\AndroidManifest.xml:8:9-35
23        android:appComponentFactory="androidx.core.app.CoreComponentFactory"
23-->[androidx.core:core:1.13.0] AndroidManifest.xml:28:18-86
24        android:debuggable="true"
25        android:extractNativeLibs="false"
26        android:icon="@mipmap/ic_launcher"
26-->src\main\AndroidManifest.xml:10:9-43
27        android:label="SnapCart"
27-->src\main\AndroidManifest.xml:9:9-33
28        android:roundIcon="@mipmap/ic_launcher_round"
28-->src\main\AndroidManifest.xml:11:9-54
29        android:supportsRtl="true"
29-->src\main\AndroidManifest.xml:12:9-35
30        android:testOnly="true"
31        android:theme="@style/Theme.SnapCart" >
31-->src\main\AndroidManifest.xml:13:9-46
32
33        <!-- ✅ Main launcher screen -->
34        <activity
34-->src\main\AndroidManifest.xml:18:9-25:20
35            android:name="com.snapcart.MainActivity"
35-->src\main\AndroidManifest.xml:19:13-41
36            android:exported="true" >
36-->src\main\AndroidManifest.xml:20:13-36
37            <intent-filter>
37-->src\main\AndroidManifest.xml:21:13-24:29
38                <action android:name="android.intent.action.MAIN" />
38-->src\main\AndroidManifest.xml:22:17-69
38-->src\main\AndroidManifest.xml:22:25-66
39
40                <category android:name="android.intent.category.LAUNCHER" />
40-->src\main\AndroidManifest.xml:23:17-77
40-->src\main\AndroidManifest.xml:23:27-74
41            </intent-filter>
42        </activity>
43        <activity
43-->src\main\AndroidManifest.xml:27:9-34:20
44            android:name="com.snapcart.activities.SplashActivity"
44-->src\main\AndroidManifest.xml:28:13-54
45            android:exported="true" >
45-->src\main\AndroidManifest.xml:29:13-36
46            <intent-filter>
46-->src\main\AndroidManifest.xml:21:13-24:29
47                <action android:name="android.intent.action.MAIN" />
47-->src\main\AndroidManifest.xml:22:17-69
47-->src\main\AndroidManifest.xml:22:25-66
48
49                <category android:name="android.intent.category.LAUNCHER" />
49-->src\main\AndroidManifest.xml:23:17-77
49-->src\main\AndroidManifest.xml:23:27-74
50            </intent-filter>
51        </activity>
52
53        <!-- 🔐 Registration screen -->
54        <activity
54-->src\main\AndroidManifest.xml:37:9-40:58
55            android:name="com.snapcart.activities.RegisterActivity"
55-->src\main\AndroidManifest.xml:38:13-56
56            android:exported="false"
56-->src\main\AndroidManifest.xml:39:13-37
57            android:windowSoftInputMode="adjustResize" />
57-->src\main\AndroidManifest.xml:40:13-55
58
59        <!-- 🛒 Product list screen -->
60        <activity
60-->src\main\AndroidManifest.xml:43:9-46:58
61            android:name="com.snapcart.activities.ProductListActivity"
61-->src\main\AndroidManifest.xml:44:13-59
62            android:exported="false"
62-->src\main\AndroidManifest.xml:45:13-37
63            android:windowSoftInputMode="adjustResize" />
63-->src\main\AndroidManifest.xml:46:13-55
64
65        <!-- 🛍 Cart screen -->
66        <activity
66-->src\main\AndroidManifest.xml:49:9-52:58
67            android:name="com.snapcart.activities.CartActivity"
67-->src\main\AndroidManifest.xml:50:13-52
68            android:exported="false"
68-->src\main\AndroidManifest.xml:51:13-37
69            android:windowSoftInputMode="adjustResize" />
69-->src\main\AndroidManifest.xml:52:13-55
70
71        <!-- 💳 Checkout screen (optional, if implemented) -->
72        <activity
72-->src\main\AndroidManifest.xml:55:9-58:58
73            android:name="com.snapcart.activities.CheckoutActivity"
73-->src\main\AndroidManifest.xml:56:13-56
74            android:exported="false"
74-->src\main\AndroidManifest.xml:57:13-37
75            android:windowSoftInputMode="adjustResize" />
75-->src\main\AndroidManifest.xml:58:13-55
76
77        <!-- 🧪 Temporary test screen (remove or keep as needed) -->
78        <activity
78-->src\main\AndroidManifest.xml:61:9-63:39
79            android:name="com.snapcart.activities.LogoTestActivity"
79-->src\main\AndroidManifest.xml:62:13-56
80            android:exported="true" />
80-->src\main\AndroidManifest.xml:63:13-36
81        <activity
81-->src\main\AndroidManifest.xml:65:9-68:58
82            android:name="com.snapcart.activities.OrdersActivity"
82-->src\main\AndroidManifest.xml:66:13-54
83            android:exported="false"
83-->src\main\AndroidManifest.xml:67:13-37
84            android:windowSoftInputMode="adjustResize" />
84-->src\main\AndroidManifest.xml:68:13-55
85        <activity android:name="com.snapcart.activities.OrderDetailsActivity" />
85-->src\main\AndroidManifest.xml:70:9-69
85-->src\main\AndroidManifest.xml:70:19-66
86        <activity
86-->[com.google.firebase:firebase-auth:22.1.2] AndroidManifest.xml:29:9-46:20
87            android:name="com.google.firebase.auth.internal.GenericIdpActivity"
87-->[com.google.firebase:firebase-auth:22.1.2] AndroidManifest.xml:30:13-80
88            android:excludeFromRecents="true"
88-->[com.google.firebase:firebase-auth:22.1.2] AndroidManifest.xml:31:13-46
89            android:exported="true"
89-->[com.google.firebase:firebase-auth:22.1.2] AndroidManifest.xml:32:13-36
90            android:launchMode="singleTask"
90-->[com.google.firebase:firebase-auth:22.1.2] AndroidManifest.xml:33:13-44
91            android:theme="@android:style/Theme.Translucent.NoTitleBar" >
91-->[com.google.firebase:firebase-auth:22.1.2] AndroidManifest.xml:34:13-72
92            <intent-filter>
92-->[com.google.firebase:firebase-auth:22.1.2] AndroidManifest.xml:35:13-45:29
93                <action android:name="android.intent.action.VIEW" />
93-->[com.google.firebase:firebase-auth:22.1.2] AndroidManifest.xml:36:17-69
93-->[com.google.firebase:firebase-auth:22.1.2] AndroidManifest.xml:36:25-66
94
95                <category android:name="android.intent.category.DEFAULT" />
95-->[com.google.firebase:firebase-auth:22.1.2] AndroidManifest.xml:38:17-76
95-->[com.google.firebase:firebase-auth:22.1.2] AndroidManifest.xml:38:27-73
96                <category android:name="android.intent.category.BROWSABLE" />
96-->[com.google.firebase:firebase-auth:22.1.2] AndroidManifest.xml:39:17-78
96-->[com.google.firebase:firebase-auth:22.1.2] AndroidManifest.xml:39:27-75
97
98                <data
98-->[com.google.firebase:firebase-auth:22.1.2] AndroidManifest.xml:41:17-44:51
99                    android:host="firebase.auth"
99-->[com.google.firebase:firebase-auth:22.1.2] AndroidManifest.xml:42:21-49
100                    android:path="/"
100-->[com.google.firebase:firebase-auth:22.1.2] AndroidManifest.xml:43:21-37
101                    android:scheme="genericidp" />
101-->[com.google.firebase:firebase-auth:22.1.2] AndroidManifest.xml:44:21-48
102            </intent-filter>
103        </activity>
104        <activity
104-->[com.google.firebase:firebase-auth:22.1.2] AndroidManifest.xml:47:9-64:20
105            android:name="com.google.firebase.auth.internal.RecaptchaActivity"
105-->[com.google.firebase:firebase-auth:22.1.2] AndroidManifest.xml:48:13-79
106            android:excludeFromRecents="true"
106-->[com.google.firebase:firebase-auth:22.1.2] AndroidManifest.xml:49:13-46
107            android:exported="true"
107-->[com.google.firebase:firebase-auth:22.1.2] AndroidManifest.xml:50:13-36
108            android:launchMode="singleTask"
108-->[com.google.firebase:firebase-auth:22.1.2] AndroidManifest.xml:51:13-44
109            android:theme="@android:style/Theme.Translucent.NoTitleBar" >
109-->[com.google.firebase:firebase-auth:22.1.2] AndroidManifest.xml:52:13-72
110            <intent-filter>
110-->[com.google.firebase:firebase-auth:22.1.2] AndroidManifest.xml:53:13-63:29
111                <action android:name="android.intent.action.VIEW" />
111-->[com.google.firebase:firebase-auth:22.1.2] AndroidManifest.xml:36:17-69
111-->[com.google.firebase:firebase-auth:22.1.2] AndroidManifest.xml:36:25-66
112
113                <category android:name="android.intent.category.DEFAULT" />
113-->[com.google.firebase:firebase-auth:22.1.2] AndroidManifest.xml:38:17-76
113-->[com.google.firebase:firebase-auth:22.1.2] AndroidManifest.xml:38:27-73
114                <category android:name="android.intent.category.BROWSABLE" />
114-->[com.google.firebase:firebase-auth:22.1.2] AndroidManifest.xml:39:17-78
114-->[com.google.firebase:firebase-auth:22.1.2] AndroidManifest.xml:39:27-75
115
116                <data
116-->[com.google.firebase:firebase-auth:22.1.2] AndroidManifest.xml:41:17-44:51
117                    android:host="firebase.auth"
117-->[com.google.firebase:firebase-auth:22.1.2] AndroidManifest.xml:42:21-49
118                    android:path="/"
118-->[com.google.firebase:firebase-auth:22.1.2] AndroidManifest.xml:43:21-37
119                    android:scheme="recaptcha" />
119-->[com.google.firebase:firebase-auth:22.1.2] AndroidManifest.xml:44:21-48
120            </intent-filter>
121        </activity>
122
123        <service
123-->[com.google.firebase:firebase-auth:22.1.2] AndroidManifest.xml:66:9-72:19
124            android:name="com.google.firebase.components.ComponentDiscoveryService"
124-->[com.google.firebase:firebase-auth:22.1.2] AndroidManifest.xml:67:13-84
125            android:directBootAware="true"
125-->[com.google.firebase:firebase-common:20.3.2] AndroidManifest.xml:34:13-43
126            android:exported="false" >
126-->[com.google.firebase:firebase-auth:22.1.2] AndroidManifest.xml:68:13-37
127            <meta-data
127-->[com.google.firebase:firebase-auth:22.1.2] AndroidManifest.xml:69:13-71:85
128                android:name="com.google.firebase.components:com.google.firebase.auth.FirebaseAuthRegistrar"
128-->[com.google.firebase:firebase-auth:22.1.2] AndroidManifest.xml:70:17-109
129                android:value="com.google.firebase.components.ComponentRegistrar" />
129-->[com.google.firebase:firebase-auth:22.1.2] AndroidManifest.xml:71:17-82
130        </service>
131
132        <provider
132-->[com.google.firebase:firebase-common:20.3.2] AndroidManifest.xml:25:9-30:39
133            android:name="com.google.firebase.provider.FirebaseInitProvider"
133-->[com.google.firebase:firebase-common:20.3.2] AndroidManifest.xml:26:13-77
134            android:authorities="com.snapcart.firebaseinitprovider"
134-->[com.google.firebase:firebase-common:20.3.2] AndroidManifest.xml:27:13-72
135            android:directBootAware="true"
135-->[com.google.firebase:firebase-common:20.3.2] AndroidManifest.xml:28:13-43
136            android:exported="false"
136-->[com.google.firebase:firebase-common:20.3.2] AndroidManifest.xml:29:13-37
137            android:initOrder="100" />
137-->[com.google.firebase:firebase-common:20.3.2] AndroidManifest.xml:30:13-36
138
139        <activity
139-->[com.google.android.gms:play-services-base:18.0.1] AndroidManifest.xml:20:9-22:45
140            android:name="com.google.android.gms.common.api.GoogleApiActivity"
140-->[com.google.android.gms:play-services-base:18.0.1] AndroidManifest.xml:20:19-85
141            android:exported="false"
141-->[com.google.android.gms:play-services-base:18.0.1] AndroidManifest.xml:22:19-43
142            android:theme="@android:style/Theme.Translucent.NoTitleBar" />
142-->[com.google.android.gms:play-services-base:18.0.1] AndroidManifest.xml:21:19-78
143
144        <provider
144-->[androidx.emoji2:emoji2:1.2.0] AndroidManifest.xml:24:9-32:20
145            android:name="androidx.startup.InitializationProvider"
145-->[androidx.emoji2:emoji2:1.2.0] AndroidManifest.xml:25:13-67
146            android:authorities="com.snapcart.androidx-startup"
146-->[androidx.emoji2:emoji2:1.2.0] AndroidManifest.xml:26:13-68
147            android:exported="false" >
147-->[androidx.emoji2:emoji2:1.2.0] AndroidManifest.xml:27:13-37
148            <meta-data
148-->[androidx.emoji2:emoji2:1.2.0] AndroidManifest.xml:29:13-31:52
149                android:name="androidx.emoji2.text.EmojiCompatInitializer"
149-->[androidx.emoji2:emoji2:1.2.0] AndroidManifest.xml:30:17-75
150                android:value="androidx.startup" />
150-->[androidx.emoji2:emoji2:1.2.0] AndroidManifest.xml:31:17-49
151            <meta-data
151-->[androidx.lifecycle:lifecycle-process:2.6.2] AndroidManifest.xml:29:13-31:52
152                android:name="androidx.lifecycle.ProcessLifecycleInitializer"
152-->[androidx.lifecycle:lifecycle-process:2.6.2] AndroidManifest.xml:30:17-78
153                android:value="androidx.startup" />
153-->[androidx.lifecycle:lifecycle-process:2.6.2] AndroidManifest.xml:31:17-49
154            <meta-data
154-->[androidx.profileinstaller:profileinstaller:1.3.1] AndroidManifest.xml:29:13-31:52
155                android:name="androidx.profileinstaller.ProfileInstallerInitializer"
155-->[androidx.profileinstaller:profileinstaller:1.3.1] AndroidManifest.xml:30:17-85
156                android:value="androidx.startup" />
156-->[androidx.profileinstaller:profileinstaller:1.3.1] AndroidManifest.xml:31:17-49
157        </provider>
158
159        <uses-library
159-->[androidx.window:window:1.0.0] AndroidManifest.xml:25:9-27:40
160            android:name="androidx.window.extensions"
160-->[androidx.window:window:1.0.0] AndroidManifest.xml:26:13-54
161            android:required="false" />
161-->[androidx.window:window:1.0.0] AndroidManifest.xml:27:13-37
162        <uses-library
162-->[androidx.window:window:1.0.0] AndroidManifest.xml:28:9-30:40
163            android:name="androidx.window.sidecar"
163-->[androidx.window:window:1.0.0] AndroidManifest.xml:29:13-51
164            android:required="false" />
164-->[androidx.window:window:1.0.0] AndroidManifest.xml:30:13-37
165
166        <meta-data
166-->[com.google.android.gms:play-services-basement:18.1.0] AndroidManifest.xml:21:9-23:69
167            android:name="com.google.android.gms.version"
167-->[com.google.android.gms:play-services-basement:18.1.0] AndroidManifest.xml:22:13-58
168            android:value="@integer/google_play_services_version" />
168-->[com.google.android.gms:play-services-basement:18.1.0] AndroidManifest.xml:23:13-66
169
170        <receiver
170-->[androidx.profileinstaller:profileinstaller:1.3.1] AndroidManifest.xml:34:9-52:20
171            android:name="androidx.profileinstaller.ProfileInstallReceiver"
171-->[androidx.profileinstaller:profileinstaller:1.3.1] AndroidManifest.xml:35:13-76
172            android:directBootAware="false"
172-->[androidx.profileinstaller:profileinstaller:1.3.1] AndroidManifest.xml:36:13-44
173            android:enabled="true"
173-->[androidx.profileinstaller:profileinstaller:1.3.1] AndroidManifest.xml:37:13-35
174            android:exported="true"
174-->[androidx.profileinstaller:profileinstaller:1.3.1] AndroidManifest.xml:38:13-36
175            android:permission="android.permission.DUMP" >
175-->[androidx.profileinstaller:profileinstaller:1.3.1] AndroidManifest.xml:39:13-57
176            <intent-filter>
176-->[androidx.profileinstaller:profileinstaller:1.3.1] AndroidManifest.xml:40:13-42:29
177                <action android:name="androidx.profileinstaller.action.INSTALL_PROFILE" />
177-->[androidx.profileinstaller:profileinstaller:1.3.1] AndroidManifest.xml:41:17-91
177-->[androidx.profileinstaller:profileinstaller:1.3.1] AndroidManifest.xml:41:25-88
178            </intent-filter>
179            <intent-filter>
179-->[androidx.profileinstaller:profileinstaller:1.3.1] AndroidManifest.xml:43:13-45:29
180                <action android:name="androidx.profileinstaller.action.SKIP_FILE" />
180-->[androidx.profileinstaller:profileinstaller:1.3.1] AndroidManifest.xml:44:17-85
180-->[androidx.profileinstaller:profileinstaller:1.3.1] AndroidManifest.xml:44:25-82
181            </intent-filter>
182            <intent-filter>
182-->[androidx.profileinstaller:profileinstaller:1.3.1] AndroidManifest.xml:46:13-48:29
183                <action android:name="androidx.profileinstaller.action.SAVE_PROFILE" />
183-->[androidx.profileinstaller:profileinstaller:1.3.1] AndroidManifest.xml:47:17-88
183-->[androidx.profileinstaller:profileinstaller:1.3.1] AndroidManifest.xml:47:25-85
184            </intent-filter>
185            <intent-filter>
185-->[androidx.profileinstaller:profileinstaller:1.3.1] AndroidManifest.xml:49:13-51:29
186                <action android:name="androidx.profileinstaller.action.BENCHMARK_OPERATION" />
186-->[androidx.profileinstaller:profileinstaller:1.3.1] AndroidManifest.xml:50:17-95
186-->[androidx.profileinstaller:profileinstaller:1.3.1] AndroidManifest.xml:50:25-92
187            </intent-filter>
188        </receiver>
189    </application>
190
191</manifest>